mads 1.9.9
     1 						org $0600
     2 FFFF> 0600-0640> EA	begin   nop
     3 = A000			pm	equ $a000	;od adresu `PM` bedzie nasz obszar na duchy i pociski
     4 = 0038			py	equ 56		;pozycja Y naszego duszka (duszek nie porusza się w pionie)
     5 					opt h+
     6 0601 A2 00			ldx #0
     7 0603 BD 32 06		petla	lda shape,x		;przepisujemy 25 bajtow z tablicy `SHAPE` pod adres `pm+$400+py`
     8 0606 9D 38 A4			sta pm+$400+py,x	;w tej tablicy znajduja sie dane opisujace ksztalt duszka
     9 0609 E8				inx
    10 060A E0 19			cpx #$19
    11 060C D0 F5			bne petla
    12 060E A9 A0			lda >pm
    13 0610 8D 07 D4			sta $d407	;PMBASE - starszy adres obszaru z duchami
    14 0613 A0 02			ldy #2
    15 0615 8C 1D D0			sty $d01d	;PMCTL - czy wyswietlic duchy lub pociski, czy oba razem
    16 0618 88				dey
    17 0619 8C 6F 02			sty 623		;GTICTLS - piorytet kolorów
    18 061C 88				dey
    19 061D 8C 08 D0			sty $d008	;SIZEP0 - szerokość
    20 0620 A9 0E			lda #$e
    21 0622 8D C0 02			sta 704		;cien rejestru koloru gracza0
    22 0625 A9 3A			lda #%00111010
    23 0627 8D 2F 02			sta 559		;DMACTLS - dostep do pamieci dla duchow i pociskow wg odpowiednich bitow
    24 062A A9 50		animka	lda #80		;pozycja pozioma bedzie wartosc z zegara systemowego
    25 062C 8D 00 D0			sta $d000	;HPOSP0 - pozycja pozioma duszka nr 0
    26 062F 4C 2A 06			jmp animka
    27 					
    28 0632 10			shape	dta b(%00010000)
    29 0633 10					dta b(%00010000)
    30 0634 10					dta b(%00010000)
    31 0635 10					dta b(%00010000)
    32 0636 10					dta b(%00010000)
    33 0637 38					dta b(%00111000)
    34 0638 38					dta b(%00111000)
    35 0639 38					dta b(%00111000)
    36 063A 38					dta b(%00111000)
    37 063B 7C					dta b(%01111100)
    38 063C 7C					dta b(%01111100)
    39 063D 7C					dta b(%01111100)
    40 063E FE					dta b(%11111110)
    41 063F BA					dta b(%10111010)
    42 0640 BA					dta b(%10111010)
    43 02E0-02E1> 00 06		        run begin
